# JRE version: OpenJDK Runtime Environment (11.0.10) (build 11.0.10+0-b96-7249189)
# Java VM: OpenJDK 64-Bit Server VM (11.0.10+0-b96-7249189, mixed mode, tiered, compressed oops, g1 gc, windows-amd64)
Heap:
 garbage-first heap   total 551936K, used 206752K [0x0000000080000000, 0x0000000100000000)
  region size 1024K, 86 young (88064K), 15 survivors (15360K)
 Metaspace       used 157174K, capacity 161193K, committed 161356K, reserved 1189888K
  class space    used 20184K, capacity 21720K, committed 21836K, reserved 1048576K
GC Heap History (20 events):
Event: 58.618 GC heap before
{Heap before GC invocations=61 (full 0):
 garbage-first heap   total 487424K, used 292836K [0x0000000080000000, 0x0000000100000000)
  region size 1024K, 89 young (91136K), 3 survivors (3072K)
 Metaspace       used 105512K, capacity 108092K, committed 108364K, reserved 1142784K
  class space    used 13432K, capacity 14386K, committed 14412K, reserved 1048576K
}
Event: 58.646 GC heap after
{Heap after GC invocations=62 (full 0):
 garbage-first heap   total 487424K, used 212680K [0x0000000080000000, 0x0000000100000000)
  region size 1024K, 9 young (9216K), 9 survivors (9216K)
 Metaspace       used 105512K, capacity 108092K, committed 108364K, reserved 1142784K
  class space    used 13432K, capacity 14386K, committed 14412K, reserved 1048576K
}
Event: 60.584 GC heap before
{Heap before GC invocations=62 (full 0):
 garbage-first heap   total 487424K, used 372424K [0x0000000080000000, 0x0000000100000000)
  region size 1024K, 133 young (136192K), 9 survivors (9216K)
 Metaspace       used 106567K, capacity 109112K, committed 109260K, reserved 1144832K
  class space    used 13540K, capacity 14498K, committed 14540K, reserved 1048576K
}
Event: 60.625 GC heap after
{Heap after GC invocations=63 (full 0):
 garbage-first heap   total 487424K, used 214248K [0x0000000080000000, 0x0000000100000000)
  region size 1024K, 16 young (16384K), 16 survivors (16384K)
 Metaspace       used 106567K, capacity 109112K, committed 109260K, reserved 1144832K
  class space    used 13540K, capacity 14498K, committed 14540K, reserved 1048576K
}
Event: 61.927 GC heap before
{Heap before GC invocations=63 (full 0):
 garbage-first heap   total 487424K, used 336104K [0x0000000080000000, 0x0000000100000000)
  region size 1024K, 134 young (137216K), 16 survivors (16384K)
 Metaspace       used 109394K, capacity 112086K, committed 112204K, reserved 1146880K
  class space    used 13875K, capacity 14845K, committed 14924K, reserved 1048576K
}
Event: 61.963 GC heap after
{Heap after GC invocations=64 (full 0):
 garbage-first heap   total 487424K, used 220185K [0x0000000080000000, 0x0000000100000000)
  region size 1024K, 5 young (5120K), 5 survivors (5120K)
 Metaspace       used 109394K, capacity 112086K, committed 112204K, reserved 1146880K
  class space    used 13875K, capacity 14845K, committed 14924K, reserved 1048576K
}
Event: 77.303 GC heap before
{Heap before GC invocations=64 (full 0):
 garbage-first heap   total 487424K, used 351257K [0x0000000080000000, 0x0000000100000000)
  region size 1024K, 133 young (136192K), 5 survivors (5120K)
 Metaspace       used 111948K, capacity 114783K, committed 115020K, reserved 1148928K
  class space    used 14259K, capacity 15313K, committed 15436K, reserved 1048576K
}
Event: 77.316 GC heap after
{Heap after GC invocations=65 (full 0):
 garbage-first heap   total 551936K, used 218455K [0x0000000080000000, 0x0000000100000000)
  region size 1024K, 6 young (6144K), 6 survivors (6144K)
 Metaspace       used 111948K, capacity 114783K, committed 115020K, reserved 1148928K
  class space    used 14259K, capacity 15313K, committed 15436K, reserved 1048576K
}
Event: 80.308 GC heap before
{Heap before GC invocations=65 (full 0):
 garbage-first heap   total 551936K, used 396631K [0x0000000080000000, 0x0000000100000000)
  region size 1024K, 178 young (182272K), 6 survivors (6144K)
 Metaspace       used 112104K, capacity 114945K, committed 115276K, reserved 1148928K
  class space    used 14269K, capacity 15346K, committed 15436K, reserved 1048576K
}
Event: 80.338 GC heap after
{Heap after GC invocations=66 (full 0):
 garbage-first heap   total 551936K, used 217878K [0x0000000080000000, 0x0000000100000000)
  region size 1024K, 5 young (5120K), 5 survivors (5120K)
 Metaspace       used 112104K, capacity 114945K, committed 115276K, reserved 1148928K
  class space    used 14269K, capacity 15346K, committed 15436K, reserved 1048576K
}
Event: 83.435 GC heap before
{Heap before GC invocations=66 (full 0):
 garbage-first heap   total 551936K, used 314134K [0x0000000080000000, 0x0000000100000000)
  region size 1024K, 97 young (99328K), 5 survivors (5120K)
 Metaspace       used 120413K, capacity 123443K, committed 123596K, reserved 1157120K
  class space    used 15341K, capacity 16452K, committed 16588K, reserved 1048576K
}
Event: 83.466 GC heap after
{Heap after GC invocations=67 (full 0):
 garbage-first heap   total 551936K, used 227813K [0x0000000080000000, 0x0000000100000000)
  region size 1024K, 11 young (11264K), 11 survivors (11264K)
 Metaspace       used 120413K, capacity 123443K, committed 123596K, reserved 1157120K
  class space    used 15341K, capacity 16452K, committed 16588K, reserved 1048576K
}
Event: 87.112 GC heap before
{Heap before GC invocations=68 (full 0):
 garbage-first heap   total 551936K, used 353765K [0x0000000080000000, 0x0000000100000000)
  region size 1024K, 199 young (203776K), 11 survivors (11264K)
 Metaspace       used 126756K, capacity 130120K, committed 130252K, reserved 1163264K
  class space    used 16074K, capacity 17340K, committed 17356K, reserved 1048576K
}
Event: 87.133 GC heap after
{Heap after GC invocations=69 (full 0):
 garbage-first heap   total 551936K, used 152431K [0x0000000080000000, 0x0000000100000000)
  region size 1024K, 11 young (11264K), 11 survivors (11264K)
 Metaspace       used 126756K, capacity 130120K, committed 130252K, reserved 1163264K
  class space    used 16074K, capacity 17340K, committed 17356K, reserved 1048576K
}
Event: 88.155 GC heap before
{Heap before GC invocations=69 (full 0):
 garbage-first heap   total 551936K, used 185199K [0x0000000080000000, 0x0000000100000000)
  region size 1024K, 26 young (26624K), 11 survivors (11264K)
 Metaspace       used 127424K, capacity 130907K, committed 131276K, reserved 1163264K
  class space    used 16160K, capacity 17475K, committed 17612K, reserved 1048576K
}
Event: 88.208 GC heap after
{Heap after GC invocations=70 (full 0):
 garbage-first heap   total 551936K, used 120979K [0x0000000080000000, 0x0000000100000000)
  region size 1024K, 3 young (3072K), 3 survivors (3072K)
 Metaspace       used 127424K, capacity 130907K, committed 131276K, reserved 1163264K
  class space    used 16160K, capacity 17475K, committed 17612K, reserved 1048576K
}
Event: 782.974 GC heap before
{Heap before GC invocations=70 (full 0):
 garbage-first heap   total 551936K, used 273555K [0x0000000080000000, 0x0000000100000000)
  region size 1024K, 144 young (147456K), 3 survivors (3072K)
 Metaspace       used 140132K, capacity 144054K, committed 144204K, reserved 1173504K
  class space    used 17785K, capacity 19253K, committed 19276K, reserved 1048576K
}
Event: 783.045 GC heap after
{Heap after GC invocations=71 (full 0):
 garbage-first heap   total 551936K, used 126872K [0x0000000080000000, 0x0000000100000000)
  region size 1024K, 9 young (9216K), 9 survivors (9216K)
 Metaspace       used 140132K, capacity 144054K, committed 144204K, reserved 1173504K
  class space    used 17785K, capacity 19253K, committed 19276K, reserved 1048576K
}
Event: 786.980 GC heap before
{Heap before GC invocations=71 (full 0):
 garbage-first heap   total 551936K, used 239512K [0x0000000080000000, 0x0000000100000000)
  region size 1024K, 119 young (121856K), 9 survivors (9216K)
 Metaspace       used 151357K, capacity 155352K, committed 155596K, reserved 1183744K
  class space    used 19387K, capacity 20908K, committed 20940K, reserved 1048576K
}
Event: 787.009 GC heap after
{Heap after GC invocations=72 (full 0):
 garbage-first heap   total 551936K, used 135072K [0x0000000080000000, 0x0000000100000000)
  region size 1024K, 15 young (15360K), 15 survivors (15360K)
 Metaspace       used 151357K, capacity 155352K, committed 155596K, reserved 1183744K
  class space    used 19387K, capacity 20908K, committed 20940K, reserved 1048576K
}

